{"D:\\EassyPharmacy3\\backend0\\app.js": {"path":"D:\\EassyPharmacy3\\backend0\\app.js","statementMap":{"0":{"start":{"line":1,"column":16},"end":{"line":1,"column":34}},"1":{"start":{"line":2,"column":15},"end":{"line":2,"column":41}},"2":{"start":{"line":3,"column":19},"end":{"line":3,"column":41}},"3":{"start":{"line":4,"column":19},"end":{"line":4,"column":44}},"4":{"start":{"line":5,"column":20},"end":{"line":5,"column":46}},"5":{"start":{"line":6,"column":19},"end":{"line":6,"column":49}},"6":{"start":{"line":8,"column":12},"end":{"line":8,"column":21}},"7":{"start":{"line":9,"column":0},"end":{"line":9,"column":27}},"8":{"start":{"line":11,"column":0},"end":{"line":11,"column":29}},"9":{"start":{"line":12,"column":0},"end":{"line":12,"column":28}},"10":{"start":{"line":13,"column":0},"end":{"line":13,"column":31}},"11":{"start":{"line":15,"column":13},"end":{"line":15,"column":37}},"12":{"start":{"line":16,"column":0},"end":{"line":18,"column":3}},"13":{"start":{"line":17,"column":4},"end":{"line":17,"column":53}},"14":{"start":{"line":20,"column":0},"end":{"line":20,"column":20}}},"fnMap":{"0":{"name":"(anonymous_0)","decl":{"start":{"line":16,"column":17},"end":{"line":16,"column":18}},"loc":{"start":{"line":16,"column":23},"end":{"line":18,"column":1}},"line":16}},"branchMap":{"0":{"loc":{"start":{"line":15,"column":13},"end":{"line":15,"column":37}},"type":"binary-expr","locations":[{"start":{"line":15,"column":13},"end":{"line":15,"column":29}},{"start":{"line":15,"column":33},"end":{"line":15,"column":37}}],"line":15}},"s":{"0":1,"1":1,"2":1,"3":1,"4":1,"5":1,"6":1,"7":1,"8":1,"9":1,"10":1,"11":1,"12":1,"13":1,"14":1},"f":{"0":1},"b":{"0":[1,0]},"_coverageSchema":"1a1c01bbd47fc00a2c39e90264f33305004495a9","hash":"2dc2faff33630fe278cfc10ff09b236ba4594bec"}
,"D:\\EassyPharmacy3\\backend0\\controllers\\UserController.js": {"path":"D:\\EassyPharmacy3\\backend0\\controllers\\UserController.js","statementMap":{"0":{"start":{"line":1,"column":15},"end":{"line":1,"column":32}},"1":{"start":{"line":2,"column":12},"end":{"line":2,"column":35}},"2":{"start":{"line":3,"column":17},"end":{"line":3,"column":37}},"3":{"start":{"line":5,"column":23},"end":{"line":72,"column":1}},"4":{"start":{"line":7,"column":4},"end":{"line":41,"column":5}},"5":{"start":{"line":8,"column":4},"end":{"line":8,"column":25}},"6":{"start":{"line":9,"column":55},"end":{"line":9,"column":63}},"7":{"start":{"line":17,"column":23},"end":{"line":17,"column":63}},"8":{"start":{"line":18,"column":27},"end":{"line":18,"column":66}},"9":{"start":{"line":20,"column":20},"end":{"line":25,"column":8}},"10":{"start":{"line":26,"column":4},"end":{"line":26,"column":24}},"11":{"start":{"line":27,"column":17},"end":{"line":31,"column":5}},"12":{"start":{"line":32,"column":4},"end":{"line":32,"column":33}},"13":{"start":{"line":34,"column":6},"end":{"line":34,"column":27}},"14":{"start":{"line":35,"column":6},"end":{"line":39,"column":7}},"15":{"start":{"line":36,"column":8},"end":{"line":36,"column":80}},"16":{"start":{"line":38,"column":8},"end":{"line":38,"column":67}},"17":{"start":{"line":45,"column":4},"end":{"line":70,"column":5}},"18":{"start":{"line":46,"column":8},"end":{"line":46,"column":29}},"19":{"start":{"line":47,"column":36},"end":{"line":47,"column":44}},"20":{"start":{"line":48,"column":21},"end":{"line":48,"column":61}},"21":{"start":{"line":49,"column":8},"end":{"line":52,"column":9}},"22":{"start":{"line":50,"column":12},"end":{"line":50,"column":71}},"23":{"start":{"line":53,"column":30},"end":{"line":53,"column":75}},"24":{"start":{"line":54,"column":8},"end":{"line":56,"column":9}},"25":{"start":{"line":55,"column":12},"end":{"line":55,"column":73}},"26":{"start":{"line":58,"column":22},"end":{"line":58,"column":66}},"27":{"start":{"line":60,"column":21},"end":{"line":65,"column":7}},"28":{"start":{"line":66,"column":6},"end":{"line":66,"column":35}},"29":{"start":{"line":68,"column":6},"end":{"line":68,"column":27}},"30":{"start":{"line":69,"column":6},"end":{"line":69,"column":65}},"31":{"start":{"line":74,"column":0},"end":{"line":74,"column":32}}},"fnMap":{"0":{"name":"(anonymous_0)","decl":{"start":{"line":6,"column":2},"end":{"line":6,"column":3}},"loc":{"start":{"line":6,"column":27},"end":{"line":42,"column":3}},"line":6},"1":{"name":"(anonymous_1)","decl":{"start":{"line":44,"column":2},"end":{"line":44,"column":3}},"loc":{"start":{"line":44,"column":24},"end":{"line":71,"column":3}},"line":44}},"branchMap":{"0":{"loc":{"start":{"line":35,"column":6},"end":{"line":39,"column":7}},"type":"if","locations":[{"start":{"line":35,"column":6},"end":{"line":39,"column":7}},{"start":{"line":37,"column":12},"end":{"line":39,"column":7}}],"line":35},"1":{"loc":{"start":{"line":49,"column":8},"end":{"line":52,"column":9}},"type":"if","locations":[{"start":{"line":49,"column":8},"end":{"line":52,"column":9}},{"start":{},"end":{}}],"line":49},"2":{"loc":{"start":{"line":54,"column":8},"end":{"line":56,"column":9}},"type":"if","locations":[{"start":{"line":54,"column":8},"end":{"line":56,"column":9}},{"start":{},"end":{}}],"line":54}},"s":{"0":1,"1":1,"2":1,"3":1,"4":3,"5":3,"6":3,"7":3,"8":3,"9":3,"10":1,"11":1,"12":1,"13":2,"14":2,"15":2,"16":0,"17":3,"18":3,"19":3,"20":3,"21":3,"22":1,"23":2,"24":0,"25":0,"26":0,"27":0,"28":0,"29":2,"30":2,"31":1},"f":{"0":3,"1":3},"b":{"0":[2,0],"1":[1,2],"2":[0,0]},"_coverageSchema":"1a1c01bbd47fc00a2c39e90264f33305004495a9","hash":"7c72694078cb079ea3c2ad2c771e44f3fc97854b"}
,"D:\\EassyPharmacy3\\backend0\\controllers\\obatController.js": {"path":"D:\\EassyPharmacy3\\backend0\\controllers\\obatController.js","statementMap":{"0":{"start":{"line":1,"column":15},"end":{"line":1,"column":35}},"1":{"start":{"line":2,"column":15},"end":{"line":2,"column":35}},"2":{"start":{"line":6,"column":19},"end":{"line":38,"column":1}},"3":{"start":{"line":7,"column":24},"end":{"line":7,"column":33}},"4":{"start":{"line":8,"column":4},"end":{"line":37,"column":5}},"5":{"start":{"line":9,"column":22},"end":{"line":9,"column":24}},"6":{"start":{"line":12,"column":8},"end":{"line":16,"column":9}},"7":{"start":{"line":13,"column":12},"end":{"line":15,"column":17}},"8":{"start":{"line":17,"column":8},"end":{"line":31,"column":9}},"9":{"start":{"line":18,"column":12},"end":{"line":21,"column":13}},"10":{"start":{"line":19,"column":16},"end":{"line":19,"column":34}},"11":{"start":{"line":20,"column":16},"end":{"line":20,"column":37}},"12":{"start":{"line":22,"column":12},"end":{"line":25,"column":13}},"13":{"start":{"line":23,"column":16},"end":{"line":23,"column":50}},"14":{"start":{"line":24,"column":16},"end":{"line":24,"column":38}},"15":{"start":{"line":27,"column":12},"end":{"line":27,"column":22}},"16":{"start":{"line":28,"column":12},"end":{"line":28,"column":22}},"17":{"start":{"line":29,"column":12},"end":{"line":29,"column":33}},"18":{"start":{"line":30,"column":12},"end":{"line":30,"column":35}},"19":{"start":{"line":32,"column":22},"end":{"line":32,"column":49}},"20":{"start":{"line":33,"column":8},"end":{"line":33,"column":36}},"21":{"start":{"line":35,"column":8},"end":{"line":35,"column":26}},"22":{"start":{"line":36,"column":8},"end":{"line":36,"column":67}},"23":{"start":{"line":40,"column":20},"end":{"line":52,"column":1}},"24":{"start":{"line":41,"column":15},"end":{"line":41,"column":28}},"25":{"start":{"line":42,"column":4},"end":{"line":51,"column":5}},"26":{"start":{"line":43,"column":21},"end":{"line":43,"column":44}},"27":{"start":{"line":44,"column":8},"end":{"line":48,"column":9}},"28":{"start":{"line":45,"column":12},"end":{"line":45,"column":57}},"29":{"start":{"line":47,"column":12},"end":{"line":47,"column":39}},"30":{"start":{"line":50,"column":8},"end":{"line":50,"column":67}},"31":{"start":{"line":55,"column":0},"end":{"line":58,"column":2}}},"fnMap":{"0":{"name":"(anonymous_0)","decl":{"start":{"line":6,"column":19},"end":{"line":6,"column":20}},"loc":{"start":{"line":6,"column":39},"end":{"line":38,"column":1}},"line":6},"1":{"name":"(anonymous_1)","decl":{"start":{"line":40,"column":20},"end":{"line":40,"column":21}},"loc":{"start":{"line":40,"column":40},"end":{"line":52,"column":1}},"line":40}},"branchMap":{"0":{"loc":{"start":{"line":12,"column":8},"end":{"line":16,"column":9}},"type":"if","locations":[{"start":{"line":12,"column":8},"end":{"line":16,"column":9}},{"start":{},"end":{}}],"line":12},"1":{"loc":{"start":{"line":17,"column":8},"end":{"line":31,"column":9}},"type":"if","locations":[{"start":{"line":17,"column":8},"end":{"line":31,"column":9}},{"start":{"line":26,"column":13},"end":{"line":31,"column":9}}],"line":17},"2":{"loc":{"start":{"line":17,"column":11},"end":{"line":17,"column":51}},"type":"binary-expr","locations":[{"start":{"line":17,"column":11},"end":{"line":17,"column":22}},{"start":{"line":17,"column":26},"end":{"line":17,"column":51}}],"line":17},"3":{"loc":{"start":{"line":18,"column":12},"end":{"line":21,"column":13}},"type":"if","locations":[{"start":{"line":18,"column":12},"end":{"line":21,"column":13}},{"start":{},"end":{}}],"line":18},"4":{"loc":{"start":{"line":18,"column":15},"end":{"line":18,"column":65}},"type":"binary-expr","locations":[{"start":{"line":18,"column":15},"end":{"line":18,"column":30}},{"start":{"line":18,"column":35},"end":{"line":18,"column":65}}],"line":18},"5":{"loc":{"start":{"line":22,"column":12},"end":{"line":25,"column":13}},"type":"if","locations":[{"start":{"line":22,"column":12},"end":{"line":25,"column":13}},{"start":{},"end":{}}],"line":22},"6":{"loc":{"start":{"line":22,"column":15},"end":{"line":22,"column":69}},"type":"binary-expr","locations":[{"start":{"line":22,"column":15},"end":{"line":22,"column":32}},{"start":{"line":22,"column":37},"end":{"line":22,"column":69}}],"line":22},"7":{"loc":{"start":{"line":44,"column":8},"end":{"line":48,"column":9}},"type":"if","locations":[{"start":{"line":44,"column":8},"end":{"line":48,"column":9}},{"start":{"line":46,"column":15},"end":{"line":48,"column":9}}],"line":44}},"s":{"0":1,"1":1,"2":1,"3":0,"4":0,"5":0,"6":0,"7":0,"8":0,"9":0,"10":0,"11":0,"12":0,"13":0,"14":0,"15":0,"16":0,"17":0,"18":0,"19":0,"20":0,"21":0,"22":0,"23":1,"24":0,"25":0,"26":0,"27":0,"28":0,"29":0,"30":0,"31":1},"f":{"0":0,"1":0},"b":{"0":[0,0],"1":[0,0],"2":[0,0],"3":[0,0],"4":[0,0],"5":[0,0],"6":[0,0],"7":[0,0]},"_coverageSchema":"1a1c01bbd47fc00a2c39e90264f33305004495a9","hash":"425aad976f1336c0154b1902f7c92338a9c2ee87"}
,"D:\\EassyPharmacy3\\backend0\\controllers\\orderController.js": {"path":"D:\\EassyPharmacy3\\backend0\\controllers\\orderController.js","statementMap":{"0":{"start":{"line":1,"column":26},"end":{"line":1,"column":46}},"1":{"start":{"line":2,"column":17},"end":{"line":2,"column":37}},"2":{"start":{"line":3,"column":15},"end":{"line":3,"column":35}},"3":{"start":{"line":4,"column":21},"end":{"line":13,"column":1}},"4":{"start":{"line":5,"column":4},"end":{"line":12,"column":5}},"5":{"start":{"line":6,"column":8},"end":{"line":6,"column":30}},"6":{"start":{"line":7,"column":23},"end":{"line":7,"column":52}},"7":{"start":{"line":8,"column":8},"end":{"line":8,"column":37}},"8":{"start":{"line":10,"column":8},"end":{"line":10,"column":29}},"9":{"start":{"line":11,"column":8},"end":{"line":11,"column":67}},"10":{"start":{"line":15,"column":21},"end":{"line":28,"column":1}},"11":{"start":{"line":16,"column":15},"end":{"line":16,"column":38}},"12":{"start":{"line":17,"column":4},"end":{"line":27,"column":5}},"13":{"start":{"line":18,"column":22},"end":{"line":18,"column":54}},"14":{"start":{"line":19,"column":8},"end":{"line":23,"column":9}},"15":{"start":{"line":20,"column":12},"end":{"line":20,"column":57}},"16":{"start":{"line":22,"column":12},"end":{"line":22,"column":40}},"17":{"start":{"line":25,"column":8},"end":{"line":25,"column":29}},"18":{"start":{"line":26,"column":8},"end":{"line":26,"column":67}},"19":{"start":{"line":29,"column":22},"end":{"line":60,"column":1}},"20":{"start":{"line":30,"column":4},"end":{"line":58,"column":5}},"21":{"start":{"line":31,"column":44},"end":{"line":31,"column":52}},"22":{"start":{"line":32,"column":21},"end":{"line":32,"column":66}},"23":{"start":{"line":33,"column":8},"end":{"line":35,"column":9}},"24":{"start":{"line":34,"column":12},"end":{"line":34,"column":37}},"25":{"start":{"line":36,"column":8},"end":{"line":40,"column":9}},"26":{"start":{"line":37,"column":26},"end":{"line":37,"column":65}},"27":{"start":{"line":38,"column":12},"end":{"line":38,"column":53}},"28":{"start":{"line":38,"column":25},"end":{"line":38,"column":53}},"29":{"start":{"line":39,"column":12},"end":{"line":39,"column":51}},"30":{"start":{"line":39,"column":37},"end":{"line":39,"column":51}},"31":{"start":{"line":41,"column":8},"end":{"line":41,"column":36}},"32":{"start":{"line":42,"column":21},"end":{"line":46,"column":9}},"33":{"start":{"line":47,"column":8},"end":{"line":47,"column":37}},"34":{"start":{"line":49,"column":8},"end":{"line":49,"column":29}},"35":{"start":{"line":50,"column":8},"end":{"line":56,"column":9}},"36":{"start":{"line":51,"column":12},"end":{"line":51,"column":60}},"37":{"start":{"line":52,"column":14},"end":{"line":56,"column":9}},"38":{"start":{"line":53,"column":12},"end":{"line":53,"column":63}},"39":{"start":{"line":55,"column":12},"end":{"line":55,"column":71}},"40":{"start":{"line":62,"column":0},"end":{"line":66,"column":2}}},"fnMap":{"0":{"name":"(anonymous_0)","decl":{"start":{"line":4,"column":21},"end":{"line":4,"column":22}},"loc":{"start":{"line":4,"column":41},"end":{"line":13,"column":1}},"line":4},"1":{"name":"(anonymous_1)","decl":{"start":{"line":15,"column":21},"end":{"line":15,"column":22}},"loc":{"start":{"line":15,"column":41},"end":{"line":28,"column":1}},"line":15},"2":{"name":"(anonymous_2)","decl":{"start":{"line":29,"column":22},"end":{"line":29,"column":23}},"loc":{"start":{"line":29,"column":40},"end":{"line":60,"column":1}},"line":29}},"branchMap":{"0":{"loc":{"start":{"line":19,"column":8},"end":{"line":23,"column":9}},"type":"if","locations":[{"start":{"line":19,"column":8},"end":{"line":23,"column":9}},{"start":{"line":21,"column":15},"end":{"line":23,"column":9}}],"line":19},"1":{"loc":{"start":{"line":33,"column":8},"end":{"line":35,"column":9}},"type":"if","locations":[{"start":{"line":33,"column":8},"end":{"line":35,"column":9}},{"start":{},"end":{}}],"line":33},"2":{"loc":{"start":{"line":38,"column":12},"end":{"line":38,"column":53}},"type":"if","locations":[{"start":{"line":38,"column":12},"end":{"line":38,"column":53}},{"start":{},"end":{}}],"line":38},"3":{"loc":{"start":{"line":39,"column":12},"end":{"line":39,"column":51}},"type":"if","locations":[{"start":{"line":39,"column":12},"end":{"line":39,"column":51}},{"start":{},"end":{}}],"line":39},"4":{"loc":{"start":{"line":50,"column":8},"end":{"line":56,"column":9}},"type":"if","locations":[{"start":{"line":50,"column":8},"end":{"line":56,"column":9}},{"start":{"line":52,"column":14},"end":{"line":56,"column":9}}],"line":50},"5":{"loc":{"start":{"line":52,"column":14},"end":{"line":56,"column":9}},"type":"if","locations":[{"start":{"line":52,"column":14},"end":{"line":56,"column":9}},{"start":{"line":54,"column":14},"end":{"line":56,"column":9}}],"line":52}},"s":{"0":1,"1":1,"2":1,"3":1,"4":0,"5":0,"6":0,"7":0,"8":0,"9":0,"10":1,"11":0,"12":0,"13":0,"14":0,"15":0,"16":0,"17":0,"18":0,"19":1,"20":0,"21":0,"22":0,"23":0,"24":0,"25":0,"26":0,"27":0,"28":0,"29":0,"30":0,"31":0,"32":0,"33":0,"34":0,"35":0,"36":0,"37":0,"38":0,"39":0,"40":1},"f":{"0":0,"1":0,"2":0},"b":{"0":[0,0],"1":[0,0],"2":[0,0],"3":[0,0],"4":[0,0],"5":[0,0]},"_coverageSchema":"1a1c01bbd47fc00a2c39e90264f33305004495a9","hash":"b636d84f6a61f14bc67479749edb4b46801f4687"}
,"D:\\EassyPharmacy3\\backend0\\models\\index.js": {"path":"D:\\EassyPharmacy3\\backend0\\models\\index.js","statementMap":{"0":{"start":{"line":3,"column":11},"end":{"line":3,"column":24}},"1":{"start":{"line":4,"column":13},"end":{"line":4,"column":28}},"2":{"start":{"line":5,"column":18},"end":{"line":5,"column":38}},"3":{"start":{"line":6,"column":16},"end":{"line":6,"column":34}},"4":{"start":{"line":7,"column":17},"end":{"line":7,"column":42}},"5":{"start":{"line":8,"column":12},"end":{"line":8,"column":49}},"6":{"start":{"line":9,"column":15},"end":{"line":9,"column":65}},"7":{"start":{"line":10,"column":11},"end":{"line":10,"column":13}},"8":{"start":{"line":13,"column":0},"end":{"line":17,"column":1}},"9":{"start":{"line":14,"column":2},"end":{"line":14,"column":74}},"10":{"start":{"line":16,"column":2},"end":{"line":16,"column":87}},"11":{"start":{"line":19,"column":0},"end":{"line":32,"column":5}},"12":{"start":{"line":22,"column":4},"end":{"line":27,"column":6}},"13":{"start":{"line":30,"column":18},"end":{"line":30,"column":85}},"14":{"start":{"line":31,"column":4},"end":{"line":31,"column":27}},"15":{"start":{"line":34,"column":0},"end":{"line":38,"column":3}},"16":{"start":{"line":35,"column":2},"end":{"line":37,"column":3}},"17":{"start":{"line":36,"column":4},"end":{"line":36,"column":32}},"18":{"start":{"line":40,"column":0},"end":{"line":40,"column":25}},"19":{"start":{"line":41,"column":0},"end":{"line":41,"column":25}},"20":{"start":{"line":43,"column":0},"end":{"line":43,"column":20}}},"fnMap":{"0":{"name":"(anonymous_0)","decl":{"start":{"line":21,"column":10},"end":{"line":21,"column":11}},"loc":{"start":{"line":21,"column":18},"end":{"line":28,"column":3}},"line":21},"1":{"name":"(anonymous_1)","decl":{"start":{"line":29,"column":11},"end":{"line":29,"column":12}},"loc":{"start":{"line":29,"column":19},"end":{"line":32,"column":3}},"line":29},"2":{"name":"(anonymous_2)","decl":{"start":{"line":34,"column":24},"end":{"line":34,"column":25}},"loc":{"start":{"line":34,"column":37},"end":{"line":38,"column":1}},"line":34}},"branchMap":{"0":{"loc":{"start":{"line":8,"column":12},"end":{"line":8,"column":49}},"type":"binary-expr","locations":[{"start":{"line":8,"column":12},"end":{"line":8,"column":32}},{"start":{"line":8,"column":36},"end":{"line":8,"column":49}}],"line":8},"1":{"loc":{"start":{"line":13,"column":0},"end":{"line":17,"column":1}},"type":"if","locations":[{"start":{"line":13,"column":0},"end":{"line":17,"column":1}},{"start":{"line":15,"column":7},"end":{"line":17,"column":1}}],"line":13},"2":{"loc":{"start":{"line":23,"column":6},"end":{"line":26,"column":37}},"type":"binary-expr","locations":[{"start":{"line":23,"column":6},"end":{"line":23,"column":29}},{"start":{"line":24,"column":6},"end":{"line":24,"column":23}},{"start":{"line":25,"column":6},"end":{"line":25,"column":30}},{"start":{"line":26,"column":6},"end":{"line":26,"column":37}}],"line":23},"3":{"loc":{"start":{"line":35,"column":2},"end":{"line":37,"column":3}},"type":"if","locations":[{"start":{"line":35,"column":2},"end":{"line":37,"column":3}},{"start":{},"end":{}}],"line":35}},"s":{"0":1,"1":1,"2":1,"3":1,"4":1,"5":1,"6":1,"7":1,"8":1,"9":0,"10":1,"11":1,"12":4,"13":3,"14":3,"15":1,"16":3,"17":3,"18":1,"19":1,"20":1},"f":{"0":4,"1":3,"2":3},"b":{"0":[1,0],"1":[0,1],"2":[4,4,3,3],"3":[3,0]},"_coverageSchema":"1a1c01bbd47fc00a2c39e90264f33305004495a9","hash":"305375427a8d8a454afeef7dc07b5939d8936ae2"}
,"D:\\EassyPharmacy3\\backend0\\models\\obat.js": {"path":"D:\\EassyPharmacy3\\backend0\\models\\obat.js","statementMap":{"0":{"start":{"line":4,"column":4},"end":{"line":4,"column":24}},"1":{"start":{"line":5,"column":0},"end":{"line":27,"column":2}},"2":{"start":{"line":16,"column":2},"end":{"line":25,"column":5}},"3":{"start":{"line":26,"column":2},"end":{"line":26,"column":14}}},"fnMap":{"0":{"name":"(anonymous_0)","decl":{"start":{"line":5,"column":17},"end":{"line":5,"column":18}},"loc":{"start":{"line":5,"column":43},"end":{"line":27,"column":1}},"line":5},"1":{"name":"(anonymous_1)","decl":{"start":{"line":12,"column":4},"end":{"line":12,"column":5}},"loc":{"start":{"line":12,"column":29},"end":{"line":14,"column":5}},"line":12}},"branchMap":{},"s":{"0":1,"1":1,"2":1,"3":1},"f":{"0":1,"1":1},"b":{},"_coverageSchema":"1a1c01bbd47fc00a2c39e90264f33305004495a9","hash":"151ca09c6ff2d6142adc127048ab0de576afc8ee"}
,"D:\\EassyPharmacy3\\backend0\\models\\pemesananobat.js": {"path":"D:\\EassyPharmacy3\\backend0\\models\\pemesananobat.js","statementMap":{"0":{"start":{"line":4,"column":4},"end":{"line":4,"column":24}},"1":{"start":{"line":5,"column":0},"end":{"line":23,"column":2}},"2":{"start":{"line":16,"column":2},"end":{"line":21,"column":5}},"3":{"start":{"line":22,"column":2},"end":{"line":22,"column":23}}},"fnMap":{"0":{"name":"(anonymous_0)","decl":{"start":{"line":5,"column":17},"end":{"line":5,"column":18}},"loc":{"start":{"line":5,"column":43},"end":{"line":23,"column":1}},"line":5},"1":{"name":"(anonymous_1)","decl":{"start":{"line":12,"column":4},"end":{"line":12,"column":5}},"loc":{"start":{"line":12,"column":29},"end":{"line":14,"column":5}},"line":12}},"branchMap":{},"s":{"0":1,"1":1,"2":1,"3":1},"f":{"0":1,"1":1},"b":{},"_coverageSchema":"1a1c01bbd47fc00a2c39e90264f33305004495a9","hash":"a9101404d5c974503978ee74b1ea840aef3a520b"}
,"D:\\EassyPharmacy3\\backend0\\models\\user.js": {"path":"D:\\EassyPharmacy3\\backend0\\models\\user.js","statementMap":{"0":{"start":{"line":4,"column":4},"end":{"line":4,"column":24}},"1":{"start":{"line":5,"column":0},"end":{"line":46,"column":2}},"2":{"start":{"line":16,"column":2},"end":{"line":44,"column":5}},"3":{"start":{"line":35,"column":10},"end":{"line":37,"column":11}},"4":{"start":{"line":36,"column":12},"end":{"line":36,"column":76}},"5":{"start":{"line":45,"column":2},"end":{"line":45,"column":14}}},"fnMap":{"0":{"name":"(anonymous_0)","decl":{"start":{"line":5,"column":17},"end":{"line":5,"column":18}},"loc":{"start":{"line":5,"column":43},"end":{"line":46,"column":1}},"line":5},"1":{"name":"(anonymous_1)","decl":{"start":{"line":12,"column":4},"end":{"line":12,"column":5}},"loc":{"start":{"line":12,"column":29},"end":{"line":14,"column":5}},"line":12},"2":{"name":"(anonymous_2)","decl":{"start":{"line":34,"column":8},"end":{"line":34,"column":9}},"loc":{"start":{"line":34,"column":34},"end":{"line":38,"column":9}},"line":34}},"branchMap":{"0":{"loc":{"start":{"line":35,"column":10},"end":{"line":37,"column":11}},"type":"if","locations":[{"start":{"line":35,"column":10},"end":{"line":37,"column":11}},{"start":{},"end":{}}],"line":35}},"s":{"0":1,"1":1,"2":1,"3":3,"4":1,"5":1},"f":{"0":1,"1":1,"2":3},"b":{"0":[1,2]},"_coverageSchema":"1a1c01bbd47fc00a2c39e90264f33305004495a9","hash":"647386ee0e2627807c70d3082e4ad851c6b7ca0a"}
,"D:\\EassyPharmacy3\\backend0\\routes\\drugs.js": {"path":"D:\\EassyPharmacy3\\backend0\\routes\\drugs.js","statementMap":{"0":{"start":{"line":1,"column":16},"end":{"line":1,"column":34}},"1":{"start":{"line":2,"column":15},"end":{"line":2,"column":31}},"2":{"start":{"line":3,"column":23},"end":{"line":3,"column":63}},"3":{"start":{"line":6,"column":0},"end":{"line":6,"column":43}},"4":{"start":{"line":7,"column":0},"end":{"line":7,"column":47}},"5":{"start":{"line":9,"column":0},"end":{"line":9,"column":24}}},"fnMap":{},"branchMap":{},"s":{"0":1,"1":1,"2":1,"3":1,"4":1,"5":1},"f":{},"b":{},"_coverageSchema":"1a1c01bbd47fc00a2c39e90264f33305004495a9","hash":"64e4535803972987b271b4c89c9a131531d8274b"}
,"D:\\EassyPharmacy3\\backend0\\routes\\orders.js": {"path":"D:\\EassyPharmacy3\\backend0\\routes\\orders.js","statementMap":{"0":{"start":{"line":1,"column":16},"end":{"line":1,"column":34}},"1":{"start":{"line":2,"column":15},"end":{"line":2,"column":31}},"2":{"start":{"line":3,"column":24},"end":{"line":3,"column":65}},"3":{"start":{"line":5,"column":0},"end":{"line":5,"column":49}},"4":{"start":{"line":6,"column":0},"end":{"line":6,"column":49}},"5":{"start":{"line":7,"column":0},"end":{"line":7,"column":54}},"6":{"start":{"line":9,"column":0},"end":{"line":9,"column":24}}},"fnMap":{},"branchMap":{},"s":{"0":1,"1":1,"2":1,"3":1,"4":1,"5":1,"6":1},"f":{},"b":{},"_coverageSchema":"1a1c01bbd47fc00a2c39e90264f33305004495a9","hash":"20a215015c350a86237fcdb1a3ef3c7877f656e4"}
,"D:\\EassyPharmacy3\\backend0\\routes\\userRoutes.js": {"path":"D:\\EassyPharmacy3\\backend0\\routes\\userRoutes.js","statementMap":{"0":{"start":{"line":2,"column":16},"end":{"line":2,"column":34}},"1":{"start":{"line":3,"column":15},"end":{"line":3,"column":31}},"2":{"start":{"line":4,"column":23},"end":{"line":4,"column":63}},"3":{"start":{"line":6,"column":0},"end":{"line":6,"column":50}},"4":{"start":{"line":7,"column":0},"end":{"line":7,"column":44}},"5":{"start":{"line":9,"column":0},"end":{"line":9,"column":24}}},"fnMap":{},"branchMap":{},"s":{"0":1,"1":1,"2":1,"3":1,"4":1,"5":1},"f":{},"b":{},"_coverageSchema":"1a1c01bbd47fc00a2c39e90264f33305004495a9","hash":"4bc01d7b489bb4c88b168e47c14dbee769d5847d"}
}
